<?xml version="1.0" encoding="UTF-8"?>
<!-- Generated by org.testng.reporters.JUnitReportReporter -->
<testsuite skipped="0" hostname="MCGL-20004347" name="com.example.demo.RestAssuredApplicationTests" tests="3" failures="0" timestamp="2020-10-15T11:31:42 IST" time="2.999" errors="0">
  <testcase name="getUserByIdAutomation" time="0.068" classname="com.example.demo.RestAssuredApplicationTests"/>
  <system-out/>
  <testcase name="createUserAutomation" time="2.904" classname="com.example.demo.RestAssuredApplicationTests"/>
  <system-out/>
  <testcase name="getUsersAutomation" time="0.027" classname="com.example.demo.RestAssuredApplicationTests"/>
  <system-out/>
</testsuite> <!-- com.example.demo.RestAssuredApplicationTests -->
