<?xml version="1.0" encoding="UTF-8"?>
<!-- Generated by org.testng.reporters.JUnitReportReporter -->
<testsuite skipped="0" hostname="MCGL-20004347" name="com.example.demo.RestAssuredApplicationTests" tests="3" failures="0" timestamp="2020-10-18T11:56:40 IST" time="5.945" errors="0">
  <testcase name="getUsersAutomation" time="0.052" classname="com.example.demo.RestAssuredApplicationTests"/>
  <system-out/>
  <testcase name="getUserByIdAutomation" time="0.072" classname="com.example.demo.RestAssuredApplicationTests"/>
  <system-out/>
  <testcase name="createUserAutomation" time="5.821" classname="com.example.demo.RestAssuredApplicationTests"/>
  <system-out/>
</testsuite> <!-- com.example.demo.RestAssuredApplicationTests -->
